{
  "numFailedTestSuites": 1,
  "numFailedTests": 0,
  "numPassedTestSuites": 0,
  "numPassedTests": 0,
  "numPendingTestSuites": 0,
  "numPendingTests": 0,
  "numRuntimeErrorTestSuites": 1,
  "numTodoTests": 0,
  "numTotalTestSuites": 1,
  "numTotalTests": 0,
  "openHandles": [],
  "snapshot": {
    "added": 0,
    "didUpdate": false,
    "failure": false,
    "filesAdded": 0,
    "filesRemoved": 0,
    "filesRemovedList": [],
    "filesUnmatched": 0,
    "filesUpdated": 0,
    "matched": 0,
    "total": 0,
    "unchecked": 0,
    "uncheckedKeysByFile": [],
    "unmatched": 0,
    "updated": 0
  },
  "startTime": 1747676541592,
  "success": false,
  "testResults": [
    {
      "assertionResults": [],
      "coverage": {},
      "endTime": 1747676542099,
      "message": "  \u001b[1m● \u001b[22mTest suite failed to run\n\n    \u001b[1m\u001b[31mJest encountered an unexpected token\u001b[39m\u001b[22m\n\n    Jest failed to parse a file. This happens e.g. when your code or its dependencies use non-standard JavaScript syntax, or when Jest is not configured to support such syntax.\n\n    Out of the box Jest supports Babel, which will be used to transform your files into valid JS based on your Babel configuration.\n\n    By default \"node_modules\" folder is ignored by transformers.\n\n    Here's what you can do:\n     • If you are trying to use ECMAScript Modules, see \u001b[4mhttps://jestjs.io/docs/ecmascript-modules\u001b[24m for how to enable it.\n     • If you are trying to use TypeScript, see \u001b[4mhttps://jestjs.io/docs/getting-started#using-typescript\u001b[24m\n     • To have some of your \"node_modules\" files transformed, you can specify a custom \u001b[1m\"transformIgnorePatterns\"\u001b[22m in your config.\n     • If you need a custom transformation specify a \u001b[1m\"transform\"\u001b[22m option in your config.\n     • If you simply want to mock your non-JS modules (e.g. binary assets) you can stub them out with the \u001b[1m\"moduleNameMapper\"\u001b[22m config option.\n\n    You'll find more details and examples of these config options in the docs:\n    \u001b[36mhttps://jestjs.io/docs/configuration\u001b[39m\n    For information about custom transformations, see:\n    \u001b[36mhttps://jestjs.io/docs/code-transformation\u001b[39m\n\n    \u001b[1m\u001b[31mDetails:\u001b[39m\u001b[22m\n\n    SyntaxError: C:\\Users\\mason\\CascadeProjects\\botbot\\src\\utils\\intentRecognizer.js: Missing semicolon. (107:14)\n\n    \u001b[0m \u001b[90m 105 |\u001b[39m         \u001b[35m/^(standup|retro|meeting|planning)\\s+time/i\u001b[39m\n     \u001b[90m 106 |\u001b[39m       ]\u001b[33m,\u001b[39m\n    \u001b[31m\u001b[1m>\u001b[22m\u001b[39m\u001b[90m 107 |\u001b[39m       response\u001b[33m:\u001b[39m \u001b[32m\"I'll help you start a {{meeting_type}}. React with 🗓️ to confirm.\"\u001b[39m\u001b[33m,\u001b[39m\n     \u001b[90m     |\u001b[39m               \u001b[31m\u001b[1m^\u001b[22m\u001b[39m\n     \u001b[90m 108 |\u001b[39m       extract\u001b[33m:\u001b[39m {\n     \u001b[90m 109 |\u001b[39m         meeting_type\u001b[33m:\u001b[39m [\n     \u001b[90m 110 |\u001b[39m           [\u001b[35m/(standup|stand-up)/i\u001b[39m\u001b[33m,\u001b[39m \u001b[32m'standup'\u001b[39m]\u001b[33m,\u001b[39m\u001b[0m\n\n    \u001b[0m \u001b[90m 1 |\u001b[39m \u001b[90m// InputManager: Normalizes and routes all user input for multi-language support\u001b[39m\n     \u001b[90m 2 |\u001b[39m \u001b[36mconst\u001b[39m \u001b[33mLanguageDetector\u001b[39m \u001b[33m=\u001b[39m require(\u001b[32m'../nlu/LanguageDetector'\u001b[39m)\u001b[33m;\u001b[39m\n    \u001b[31m\u001b[1m>\u001b[22m\u001b[39m\u001b[90m 3 |\u001b[39m \u001b[36mconst\u001b[39m \u001b[33mIntentRecognizer\u001b[39m \u001b[33m=\u001b[39m require(\u001b[32m'../utils/intentRecognizer'\u001b[39m)\u001b[33m;\u001b[39m\n     \u001b[90m   |\u001b[39m                          \u001b[31m\u001b[1m^\u001b[22m\u001b[39m\n     \u001b[90m 4 |\u001b[39m \u001b[36mconst\u001b[39m \u001b[33mEnhancedParser\u001b[39m \u001b[33m=\u001b[39m require(\u001b[32m'../enhancedParser'\u001b[39m)\u001b[33m;\u001b[39m\n     \u001b[90m 5 |\u001b[39m\n     \u001b[90m 6 |\u001b[39m \u001b[36mconst\u001b[39m \u001b[33mInputManager\u001b[39m \u001b[33m=\u001b[39m {\u001b[0m\n\n      \u001b[2mat constructor (\u001b[22mnode_modules/@babel/parser/src/parse-error.ts\u001b[2m:95:45)\u001b[22m\n      \u001b[2mat Parser.toParseError [as raise] (\u001b[22mnode_modules/@babel/parser/src/tokenizer/index.ts\u001b[2m:1503:19)\u001b[22m\n      \u001b[2mat Parser.raise [as semicolon] (\u001b[22mnode_modules/@babel/parser/src/parser/util.ts\u001b[2m:150:10)\u001b[22m\n      \u001b[2mat Parser.semicolon [as parseExpressionStatement] (\u001b[22mnode_modules/@babel/parser/src/parser/statement.ts\u001b[2m:1334:10)\u001b[22m\n      \u001b[2mat Parser.parseExpressionStatement [as parseStatementContent] (\u001b[22mnode_modules/@babel/parser/src/parser/statement.ts\u001b[2m:668:19)\u001b[22m\n      \u001b[2mat Parser.parseStatementContent [as parseStatementLike] (\u001b[22mnode_modules/@babel/parser/src/parser/statement.ts\u001b[2m:449:17)\u001b[22m\n      \u001b[2mat Parser.parseStatementLike [as parseStatementOrSloppyAnnexBFunctionDeclaration] (\u001b[22mnode_modules/@babel/parser/src/parser/statement.ts\u001b[2m:418:17)\u001b[22m\n      \u001b[2mat Parser.parseStatementOrSloppyAnnexBFunctionDeclaration [as parseLabeledStatement] (\u001b[22mnode_modules/@babel/parser/src/parser/statement.ts\u001b[2m:1319:16)\u001b[22m\n      \u001b[2mat Parser.parseLabeledStatement (\u001b[22mnode_modules/@babel/parser/src/parser/statement.ts\u001b[2m:661:19)\u001b[22m\n      \u001b[2mat Parser.parseStatementContent [as parseStatementLike] (\u001b[22mnode_modules/@babel/parser/src/parser/statement.ts\u001b[2m:449:17)\u001b[22m\n      \u001b[2mat Parser.parseStatementLike [as parseModuleItem] (\u001b[22mnode_modules/@babel/parser/src/parser/statement.ts\u001b[2m:386:17)\u001b[22m\n      \u001b[2mat Parser.parseModuleItem [as parseBlockOrModuleBlockBody] (\u001b[22mnode_modules/@babel/parser/src/parser/statement.ts\u001b[2m:1414:16)\u001b[22m\n      \u001b[2mat Parser.parseBlockOrModuleBlockBody [as parseBlockBody] (\u001b[22mnode_modules/@babel/parser/src/parser/statement.ts\u001b[2m:1388:10)\u001b[22m\n      \u001b[2mat Parser.parseBlockBody [as parseProgram] (\u001b[22mnode_modules/@babel/parser/src/parser/statement.ts\u001b[2m:225:10)\u001b[22m\n      \u001b[2mat Parser.parseProgram [as parseTopLevel] (\u001b[22mnode_modules/@babel/parser/src/parser/statement.ts\u001b[2m:203:25)\u001b[22m\n      \u001b[2mat Parser.parseTopLevel [as parse] (\u001b[22mnode_modules/@babel/parser/src/parser/index.ts\u001b[2m:93:10)\u001b[22m\n      \u001b[2mat parse (\u001b[22mnode_modules/@babel/parser/src/index.ts\u001b[2m:92:38)\u001b[22m\n      \u001b[2mat parser (\u001b[22mnode_modules/@babel/core/src/parser/index.ts\u001b[2m:28:19)\u001b[22m\n          at parser.next (<anonymous>)\n      \u001b[2mat normalizeFile (\u001b[22mnode_modules/@babel/core/src/transformation/normalize-file.ts\u001b[2m:49:24)\u001b[22m\n          at normalizeFile.next (<anonymous>)\n      \u001b[2mat run (\u001b[22mnode_modules/@babel/core/src/transformation/index.ts\u001b[2m:40:36)\u001b[22m\n          at run.next (<anonymous>)\n      \u001b[2mat transform (\u001b[22mnode_modules/@babel/core/src/transform.ts\u001b[2m:29:20)\u001b[22m\n          at transform.next (<anonymous>)\n      \u001b[2mat evaluateSync (\u001b[22mnode_modules/gensync/index.js\u001b[2m:251:28)\u001b[22m\n      \u001b[2mat sync (\u001b[22mnode_modules/gensync/index.js\u001b[2m:89:14)\u001b[22m\n      \u001b[2mat fn (\u001b[22mnode_modules/@babel/core/src/errors/rewrite-stack-trace.ts\u001b[2m:99:14)\u001b[22m\n      \u001b[2mat transformSync (\u001b[22mnode_modules/@babel/core/src/transform.ts\u001b[2m:66:52)\u001b[22m\n      \u001b[2mat ScriptTransformer.transformSource (\u001b[22mnode_modules/@jest/transform/build/ScriptTransformer.js\u001b[2m:545:31)\u001b[22m\n      \u001b[2mat ScriptTransformer._transformAndBuildScript (\u001b[22mnode_modules/@jest/transform/build/ScriptTransformer.js\u001b[2m:674:40)\u001b[22m\n      \u001b[2mat ScriptTransformer.transform (\u001b[22mnode_modules/@jest/transform/build/ScriptTransformer.js\u001b[2m:726:19)\u001b[22m\n      \u001b[2mat Object.require (\u001b[22msrc/input/InputManager.js\u001b[2m:3:26)\u001b[22m\n      \u001b[2mat Object.require (\u001b[22m\u001b[0m\u001b[36mtests/pipeline.test.js\u001b[39m\u001b[0m\u001b[2m:4:22)\u001b[22m\n",
      "name": "C:\\Users\\mason\\CascadeProjects\\botbot\\tests\\pipeline.test.js",
      "startTime": 1747676542099,
      "status": "failed",
      "summary": ""
    }
  ],
  "wasInterrupted": false
}
